C:\Processo seletivos\DesafioDevFull\DesafioDevFull\UI\desafio-dev-full\dist\out-tsc\e2e\src\app.po.js
C:\Processo seletivos\DesafioDevFull\DesafioDevFull\UI\desafio-dev-full\dist\out-tsc\e2e\src\app.po.js.map
C:\Processo seletivos\DesafioDevFull\DesafioDevFull\UI\desafio-dev-full\dist\out-tsc\e2e\src\app.e2e-spec.js
C:\Processo seletivos\DesafioDevFull\DesafioDevFull\UI\desafio-dev-full\dist\out-tsc\e2e\src\app.e2e-spec.js.map
C:\Processo seletivos\DesafioDevFull\DesafioDevFull\UI\desafio-dev-full\dist\out-tsc\src\app\app-routing.module.js
C:\Processo seletivos\DesafioDevFull\DesafioDevFull\UI\desafio-dev-full\dist\out-tsc\src\app\app-routing.module.js.map
C:\Processo seletivos\DesafioDevFull\DesafioDevFull\UI\desafio-dev-full\dist\out-tsc\src\app\app.component.js
C:\Processo seletivos\DesafioDevFull\DesafioDevFull\UI\desafio-dev-full\dist\out-tsc\src\app\app.component.js.map
C:\Processo seletivos\DesafioDevFull\DesafioDevFull\UI\desafio-dev-full\dist\out-tsc\src\app\routes\home\home.component.js
C:\Processo seletivos\DesafioDevFull\DesafioDevFull\UI\desafio-dev-full\dist\out-tsc\src\app\routes\home\home.component.js.map
C:\Processo seletivos\DesafioDevFull\DesafioDevFull\UI\desafio-dev-full\dist\out-tsc\src\app\routes\home\components\grid-titulos\grid.service.js
C:\Processo seletivos\DesafioDevFull\DesafioDevFull\UI\desafio-dev-full\dist\out-tsc\src\app\routes\home\components\grid-titulos\grid.service.js.map
C:\Processo seletivos\DesafioDevFull\DesafioDevFull\UI\desafio-dev-full\dist\out-tsc\src\app\routes\home\components\grid-titulos\grid-titulos.component.js
C:\Processo seletivos\DesafioDevFull\DesafioDevFull\UI\desafio-dev-full\dist\out-tsc\src\app\routes\home\components\grid-titulos\grid-titulos.component.js.map
C:\Processo seletivos\DesafioDevFull\DesafioDevFull\UI\desafio-dev-full\dist\out-tsc\src\app\app.module.js
C:\Processo seletivos\DesafioDevFull\DesafioDevFull\UI\desafio-dev-full\dist\out-tsc\src\app\app.module.js.map
C:\Processo seletivos\DesafioDevFull\DesafioDevFull\UI\desafio-dev-full\dist\out-tsc\src\environments\environment.js
C:\Processo seletivos\DesafioDevFull\DesafioDevFull\UI\desafio-dev-full\dist\out-tsc\src\environments\environment.js.map
C:\Processo seletivos\DesafioDevFull\DesafioDevFull\UI\desafio-dev-full\dist\out-tsc\src\main.js
C:\Processo seletivos\DesafioDevFull\DesafioDevFull\UI\desafio-dev-full\dist\out-tsc\src\main.js.map
C:\Processo seletivos\DesafioDevFull\DesafioDevFull\UI\desafio-dev-full\dist\out-tsc\src\polyfills.js
C:\Processo seletivos\DesafioDevFull\DesafioDevFull\UI\desafio-dev-full\dist\out-tsc\src\polyfills.js.map
C:\Processo seletivos\DesafioDevFull\DesafioDevFull\UI\desafio-dev-full\dist\out-tsc\src\test.js
C:\Processo seletivos\DesafioDevFull\DesafioDevFull\UI\desafio-dev-full\dist\out-tsc\src\test.js.map
C:\Processo seletivos\DesafioDevFull\DesafioDevFull\UI\desafio-dev-full\dist\out-tsc\src\app\app.component.spec.js
C:\Processo seletivos\DesafioDevFull\DesafioDevFull\UI\desafio-dev-full\dist\out-tsc\src\app\app.component.spec.js.map
C:\Processo seletivos\DesafioDevFull\DesafioDevFull\UI\desafio-dev-full\dist\out-tsc\src\environments\environment.prod.js
C:\Processo seletivos\DesafioDevFull\DesafioDevFull\UI\desafio-dev-full\dist\out-tsc\src\environments\environment.prod.js.map
